C51 COMPILER V9.60.0.0   PLJUDGE                                                           07/12/2024 18:39:34 PAGE 1   


C51 COMPILER V9.60.0.0, COMPILATION OF MODULE PLJUDGE
OBJECT MODULE PLACED IN .\Objects\PlJudge.obj
COMPILER INVOKED BY: D:\SoftWare\Keil\C51\BIN\C51.EXE PlJudge.c OPTIMIZE(8,SPEED) BROWSE DEBUG OBJECTEXTEND PRINT(.\List
                    -ings\PlJudge.lst) OBJECT(.\Objects\PlJudge.obj)

line level    source

   1          #include <REGX52.H>
   2          #include "intrins.h"
   3          #include "Delay.h"
   4          #include "Timer0.h"
   5          #include "Seg7.h"
   6          
   7          
   8          sbit pl1=P1^0;
   9          sbit pl2=P1^1;
  10          sbit pl3=P1^2;
  11          sbit pl4=P1^3;
  12          sbit pl5=P1^4;
  13          sbit pl6=P1^5;
  14          sbit pl7=P1^6;
  15          sbit pl8=P1^7;
  16          
  17          int Judge()
  18          {
  19   1              unsigned char num;
  20   1              switch(P1)
  21   1              {
  22   2                      case 0xfe: num=1; break;
  23   2                      case 0xfd: num=2; break;
  24   2                      case 0xfb: num=3; break;
  25   2                      case 0xf7: num=4; break;
  26   2                      case 0xef: num=5; break;
  27   2                      case 0xdf: num=6; break;
  28   2                      case 0xbd: num=7; break;
  29   2                      case 0x7f: num=8; break;
  30   2              }                       
  31   1              return num;
  32   1      }


MODULE INFORMATION:   STATIC OVERLAYABLE
   CODE SIZE        =     77    ----
   CONSTANT SIZE    =   ----    ----
   XDATA SIZE       =   ----    ----
   PDATA SIZE       =   ----    ----
   DATA SIZE        =   ----       1
   IDATA SIZE       =   ----    ----
   BIT SIZE         =   ----    ----
END OF MODULE INFORMATION.


C51 COMPILATION COMPLETE.  0 WARNING(S),  0 ERROR(S)
