C51 COMPILER V9.60.0.0   SEG7                                                              07/12/2024 18:43:30 PAGE 1   


C51 COMPILER V9.60.0.0, COMPILATION OF MODULE SEG7
OBJECT MODULE PLACED IN .\Objects\Seg7.obj
COMPILER INVOKED BY: D:\SoftWare\Keil\C51\BIN\C51.EXE Seg7.c OPTIMIZE(8,SPEED) BROWSE DEBUG OBJECTEXTEND PRINT(.\Listing
                    -s\Seg7.lst) OBJECT(.\Objects\Seg7.obj)

line level    source

   1          #include <REGX52.H>
   2          #include "Delay.h"
   3          
   4          sbit w1=P2^1;
   5          sbit w2=P2^2;
   6          sbit w3=P2^3;
   7          sbit w4=P2^4;
   8          sbit LED=P3^0;
   9          sbit buzzer=P2^6;
  10          
  11          unsigned char test=0;
  12          
  13          unsigned char code_table[]={
  14                  0x3F,  //"0"
  15              0x06,  //"1"
  16              0x5B,  //"2"
  17              0x4F,  //"3"
  18              0x66,  //"4"
  19              0x6D,  //"5"
  20              0x7D,  //"6"
  21              0x07,  //"7"
  22              0x7F,  //"8"
  23              0x6F,  //"9"
  24          }; 
  25          
  26          void pl_num_disp(unsigned char num)//显示选手号码
  27          {
  28   1                      w1=0;
  29   1                      P0=code_table[0];
  30   1                      Delay(5);
  31   1                      w1=1;
  32   1                      w2=0;
  33   1                      P0=code_table[num];
  34   1                      Delay(5);
  35   1                      w2=1;
  36   1      }
  37          
  38          void Rtime_disp(unsigned char s,unsigned char g,unsigned char num)//显示倒计时时间
  39          {
  40   1                      if(test!=g&&g<6&&s==0&&num==0)
  41   1                      {
  42   2                              buzzer=1;
  43   2                      }
  44   1                      w3=0;
  45   1                      P0=code_table[s];
  46   1                      Delay(5);
  47   1                      w3=1;
  48   1                      w4=0;
  49   1                      P0=code_table[g];
  50   1                      Delay(5);
  51   1                      w4=1;
  52   1                      test=g;
  53   1      }

C51 COMPILER V9.60.0.0   SEG7                                                              07/12/2024 18:43:30 PAGE 2   


MODULE INFORMATION:   STATIC OVERLAYABLE
   CODE SIZE        =    104    ----
   CONSTANT SIZE    =   ----    ----
   XDATA SIZE       =   ----    ----
   PDATA SIZE       =   ----    ----
   DATA SIZE        =     11       2
   IDATA SIZE       =   ----    ----
   BIT SIZE         =   ----    ----
END OF MODULE INFORMATION.


C51 COMPILATION COMPLETE.  0 WARNING(S),  0 ERROR(S)
