C51 COMPILER V9.60.0.0   SEG_                                                              07/12/2024 15:30:31 PAGE 1   


C51 COMPILER V9.60.0.0, COMPILATION OF MODULE SEG_
OBJECT MODULE PLACED IN .\Objects\Seg_.obj
COMPILER INVOKED BY: D:\SoftWare\Keil\C51\BIN\C51.EXE Seg_.c OPTIMIZE(8,SPEED) BROWSE DEBUG OBJECTEXTEND PRINT(.\Listing
                    -s\Seg_.lst) OBJECT(.\Objects\Seg_.obj)

line level    source

   1          #include <REGX52.H>
   2          
   3          unsigned char code_table[]={
   4           0xc0,0xf9,0xa4,0xb0,//0~3 
   5           0x99,0x92,0x82,0xf8,//4~7 
   6           0x80,0x90,0x88,0x83,//8~b 
   7           0xc6,0xa1,0x86,0x8e //c~f 
   8          }; 
   9          
  10          
  11          void Seg_disp()
  12          {
  13   1                      w1=1;
*** ERROR C202 IN LINE 13 OF Seg_.c: 'w1': undefined identifier
  14   1                      P0=code_table[2];
  15   1                      Delay(5);
  16   1                      w1=0;
  17   1                      w2=1;
  18   1                      P0=code_table[0];
  19   1                      Delay(5);
  20   1                      w2=0;
  21   1                      w3=1;
  22   1                      P0=code_table[2];
  23   1                      Delay(5);
  24   1                      w3=0;
  25   1                      w4=1;
  26   1                      P0=code_table[4];
  27   1                      Delay(5);
  28   1                      w4=0;
  29   1      
  30   1      }

C51 COMPILATION COMPLETE.  0 WARNING(S),  1 ERROR(S)
