C51 COMPILER V9.60.0.0   SEG_7                                                             07/12/2024 15:30:10 PAGE 1   


C51 COMPILER V9.60.0.0, COMPILATION OF MODULE SEG_7
OBJECT MODULE PLACED IN .\Objects\Seg_7.obj
COMPILER INVOKED BY: D:\SoftWare\Keil\C51\BIN\C51.EXE Seg_7.c OPTIMIZE(8,SPEED) BROWSE DEBUG OBJECTEXTEND PRINT(.\Listin
                    -gs\Seg_7.lst) OBJECT(.\Objects\Seg_7.obj)

line level    source

   1          #ifndef __SEG_7_H__
   2          #define __SEG_7_H__
   3          
   4          void Seg_disp(void);
   5          
   6          #endif


MODULE INFORMATION:   STATIC OVERLAYABLE
   CODE SIZE        =   ----    ----
   CONSTANT SIZE    =   ----    ----
   XDATA SIZE       =   ----    ----
   PDATA SIZE       =   ----    ----
   DATA SIZE        =   ----    ----
   IDATA SIZE       =   ----    ----
   BIT SIZE         =   ----    ----
END OF MODULE INFORMATION.


C51 COMPILATION COMPLETE.  0 WARNING(S),  0 ERROR(S)
